[debug] [2020-11-09T16:03:52.303Z] ----------------------------------------------------------------------
[debug] [2020-11-09T16:03:52.305Z] Command:       /usr/local/bin/node /usr/local/bin/firebase emulators:start
[debug] [2020-11-09T16:03:52.305Z] CLI Version:   8.15.1
[debug] [2020-11-09T16:03:52.305Z] Platform:      darwin
[debug] [2020-11-09T16:03:52.305Z] Node Version:  v12.18.3
[debug] [2020-11-09T16:03:52.307Z] Time:          Tue Nov 10 2020 01:03:52 GMT+0900 (Korean Standard Time)
[debug] [2020-11-09T16:03:52.307Z] ----------------------------------------------------------------------
[debug] [2020-11-09T16:03:52.307Z] 
[debug] [2020-11-09T16:03:52.314Z] > command requires scopes: ["email","openid","https://www.googleapis.com/auth/cloudplatformprojects.readonly","https://www.googleapis.com/auth/firebase","https://www.googleapis.com/auth/cloud-platform"]
[debug] [2020-11-09T16:03:52.315Z] > authorizing via signed-in user
[info] i  emulators: Starting emulators: functions, firestore, hosting {"metadata":{"emulator":{"name":"hub"},"message":"Starting emulators: functions, firestore, hosting"}}
[debug] [2020-11-09T16:03:52.337Z] [hub] writing locator at /var/folders/t9/pnp5sh_j3cnftq49tyxrt0hm0000gn/T/hub-flowerpotapp-33349.json
[warn] ⚠  functions: The following emulators are not running, calls to these services from the Functions emulator will affect production: auth, database, pubsub {"metadata":{"emulator":{"name":"functions"},"message":"The following emulators are not running, calls to these services from the Functions emulator will affect production: \u001b[1mauth, database, pubsub\u001b[22m"}}
[info] ✔  functions: Using node@12 from host. {"metadata":{"emulator":{"name":"functions"},"message":"Using node@12 from host."}}
[debug] [2020-11-09T16:03:52.371Z] defaultcredentials: writing to file /Users/mac/.config/firebase/tsaurav18_gmail_com_application_default_credentials.json
[debug] [2020-11-09T16:03:52.375Z] Setting GAC to /Users/mac/.config/firebase/tsaurav18_gmail_com_application_default_credentials.json {"metadata":{"emulator":{"name":"functions"},"message":"Setting GAC to /Users/mac/.config/firebase/tsaurav18_gmail_com_application_default_credentials.json"}}
[debug] [2020-11-09T16:03:52.385Z] Ignoring unsupported arg: projectId {"metadata":{"emulator":{"name":"firestore"},"message":"Ignoring unsupported arg: projectId"}}
[debug] [2020-11-09T16:03:52.386Z] Ignoring unsupported arg: auto_download {"metadata":{"emulator":{"name":"firestore"},"message":"Ignoring unsupported arg: auto_download"}}
[debug] [2020-11-09T16:03:52.386Z] Starting Firestore Emulator with command {"binary":"java","args":["-Duser.language=en","-jar","/Users/mac/.cache/firebase/emulators/cloud-firestore-emulator-v1.11.9.jar","--host","localhost","--port",8080,"--rules","/Users/mac/Documents/react projects/lavish-react-ap/react-website/firestore.rules","--functions_emulator","localhost:5001"],"optionalArgs":["port","webchannel_port","host","rules","functions_emulator","seed_from_export"],"joinArgs":false} {"metadata":{"emulator":{"name":"firestore"},"message":"Starting Firestore Emulator with command {\"binary\":\"java\",\"args\":[\"-Duser.language=en\",\"-jar\",\"/Users/mac/.cache/firebase/emulators/cloud-firestore-emulator-v1.11.9.jar\",\"--host\",\"localhost\",\"--port\",8080,\"--rules\",\"/Users/mac/Documents/react projects/lavish-react-ap/react-website/firestore.rules\",\"--functions_emulator\",\"localhost:5001\"],\"optionalArgs\":[\"port\",\"webchannel_port\",\"host\",\"rules\",\"functions_emulator\",\"seed_from_export\"],\"joinArgs\":false}"}}
[info] i  firestore: Firestore Emulator logging to firestore-debug.log {"metadata":{"emulator":{"name":"firestore"},"message":"Firestore Emulator logging to \u001b[1mfirestore-debug.log\u001b[22m"}}
[debug] [2020-11-09T16:03:53.557Z] API endpoint: http:// {"metadata":{"emulator":{"name":"firestore"},"message":"API endpoint: http://"}}
[debug] [2020-11-09T16:03:53.558Z] localhost:8080
If you are using a library that supports the FIRESTORE_EMULATOR_HOST environment variable, run:
 {"metadata":{"emulator":{"name":"firestore"},"message":"localhost:8080\nIf you are using a library that supports the FIRESTORE_EMULATOR_HOST environment variable, run:\n"}}
[debug] [2020-11-09T16:03:53.558Z] 
   export FIRESTORE_EMULATOR_HOST=localhost:8080

Dev App Server is now running.

 {"metadata":{"emulator":{"name":"firestore"},"message":"\n   export FIRESTORE_EMULATOR_HOST=localhost:8080\n\nDev App Server is now running.\n\n"}}
[debug] [2020-11-09T16:03:53.671Z] >>> HTTP REQUEST GET https://firebase.googleapis.com/v1beta1/projects/flowerpotapp-33349/webApps/-/config  
 
[debug] [2020-11-09T16:03:55.275Z] <<< HTTP RESPONSE 200 {"content-type":"application/json; charset=UTF-8","vary":"X-Origin, Referer, Origin,Accept-Encoding","date":"Mon, 09 Nov 2020 16:03:55 GMT","server":"ESF","cache-control":"private","x-xss-protection":"0","x-frame-options":"SAMEORIGIN","x-content-type-options":"nosniff","alt-svc":"h3-Q050=\":443\"; ma=2592000,h3-29=\":443\"; ma=2592000,h3-T051=\":443\"; ma=2592000,h3-T050=\":443\"; ma=2592000,h3-Q046=\":443\"; ma=2592000,h3-Q043=\":443\"; ma=2592000,quic=\":443\"; ma=2592000; v=\"46,43\"","accept-ranges":"none","transfer-encoding":"chunked"}
[info] i  hosting: Serving hosting files from: build {"metadata":{"emulator":{"name":"hosting"},"message":"Serving hosting files from: \u001b[1mbuild\u001b[22m"}}
[info] ✔  hosting: Local server: http://localhost:5000 {"metadata":{"emulator":{"name":"hosting"},"message":"Local server: \u001b[4m\u001b[1mhttp://localhost:5000\u001b[22m\u001b[24m"}}
[debug] [2020-11-09T16:03:55.573Z] Ignoring unsupported arg: auto_download {"metadata":{"emulator":{"name":"ui"},"message":"Ignoring unsupported arg: auto_download"}}
[debug] [2020-11-09T16:03:55.573Z] Ignoring unsupported arg: port {"metadata":{"emulator":{"name":"ui"},"message":"Ignoring unsupported arg: port"}}
[debug] [2020-11-09T16:03:55.573Z] Starting Emulator UI with command {"binary":"node","args":["/Users/mac/.cache/firebase/emulators/ui-v1.2.2/server.bundle.js"],"optionalArgs":[],"joinArgs":false} {"metadata":{"emulator":{"name":"ui"},"message":"Starting Emulator UI with command {\"binary\":\"node\",\"args\":[\"/Users/mac/.cache/firebase/emulators/ui-v1.2.2/server.bundle.js\"],\"optionalArgs\":[],\"joinArgs\":false}"}}
[info] i  ui: Emulator UI logging to ui-debug.log {"metadata":{"emulator":{"name":"ui"},"message":"Emulator UI logging to \u001b[1mui-debug.log\u001b[22m"}}
[debug] [2020-11-09T16:03:55.670Z] Web / API server started at http://localhost:4000
 {"metadata":{"emulator":{"name":"ui"},"message":"Web / API server started at http://localhost:4000\n"}}
[info] i  functions: Watching "/Users/mac/Documents/react projects/lavish-react-ap/react-website/functions" for Cloud Functions... {"metadata":{"emulator":{"name":"functions"},"message":"Watching \"/Users/mac/Documents/react projects/lavish-react-ap/react-website/functions\" for Cloud Functions..."}}
[debug] [2020-11-09T16:03:55.844Z] [worker-pool] addWorker(~diagnostic~) {"metadata":{"emulator":{"name":"functions"},"message":"[worker-pool] addWorker(~diagnostic~)"}}
[debug] [2020-11-09T16:03:55.845Z] [worker-pool] Adding worker with key ~diagnostic~, total=1 {"metadata":{"emulator":{"name":"functions"},"message":"[worker-pool] Adding worker with key ~diagnostic~, total=1"}}
[debug] [2020-11-09T16:03:55.845Z] [worker-pool] submitWork(triggerId=) {"metadata":{"emulator":{"name":"functions"},"message":"[worker-pool] submitWork(triggerId=)"}}
[debug] [2020-11-09T16:03:55.845Z] [worker-~diagnostic~-046b2204-25d6-4255-a079-aaa31ce2efbf]: Assigning socketPath: /var/folders/t9/pnp5sh_j3cnftq49tyxrt0hm0000gn/T/fire_emu_2634.sock {"metadata":{"emulator":{"name":"functions"},"message":"[worker-~diagnostic~-046b2204-25d6-4255-a079-aaa31ce2efbf]: Assigning socketPath: /var/folders/t9/pnp5sh_j3cnftq49tyxrt0hm0000gn/T/fire_emu_2634.sock"}}
[debug] [2020-11-09T16:03:55.846Z] [worker-~diagnostic~-046b2204-25d6-4255-a079-aaa31ce2efbf]: BUSY {"metadata":{"emulator":{"name":"functions"},"message":"[worker-~diagnostic~-046b2204-25d6-4255-a079-aaa31ce2efbf]: BUSY"}}
[debug] [2020-11-09T16:03:56.145Z] [runtime-status] [2634] Functions runtime initialized. {"cwd":"/Users/mac/Documents/react projects/lavish-react-ap/react-website/functions","node_version":"12.18.3"} {"metadata":{"emulator":{"name":"functions"},"message":"[runtime-status] [2634] Functions runtime initialized. {\"cwd\":\"/Users/mac/Documents/react projects/lavish-react-ap/react-website/functions\",\"node_version\":\"12.18.3\"}"}}
[debug] [2020-11-09T16:03:56.147Z] [runtime-status] [2634] Disabled runtime features: undefined {"metadata":{"emulator":{"name":"functions"},"message":"[runtime-status] [2634] Disabled runtime features: undefined"}}
[debug] [2020-11-09T16:03:56.149Z] [runtime-status] [2634] Resolved module firebase-admin {"declared":true,"installed":true,"version":"9.3.0","resolution":"/Users/mac/Documents/react projects/lavish-react-ap/react-website/functions/node_modules/firebase-admin/lib/index.js"} {"metadata":{"emulator":{"name":"functions"},"message":"[runtime-status] [2634] Resolved module firebase-admin {\"declared\":true,\"installed\":true,\"version\":\"9.3.0\",\"resolution\":\"/Users/mac/Documents/react projects/lavish-react-ap/react-website/functions/node_modules/firebase-admin/lib/index.js\"}"}}
[debug] [2020-11-09T16:03:56.151Z] [runtime-status] [2634] Resolved module firebase-functions {"declared":true,"installed":true,"version":"3.11.0","resolution":"/Users/mac/Documents/react projects/lavish-react-ap/react-website/functions/node_modules/firebase-functions/lib/index.js"} {"metadata":{"emulator":{"name":"functions"},"message":"[runtime-status] [2634] Resolved module firebase-functions {\"declared\":true,\"installed\":true,\"version\":\"3.11.0\",\"resolution\":\"/Users/mac/Documents/react projects/lavish-react-ap/react-website/functions/node_modules/firebase-functions/lib/index.js\"}"}}
[debug] [2020-11-09T16:03:56.152Z] [runtime-status] [2634] Resolved module firebase-functions {"declared":true,"installed":true,"version":"3.11.0","resolution":"/Users/mac/Documents/react projects/lavish-react-ap/react-website/functions/node_modules/firebase-functions/lib/index.js"} {"metadata":{"emulator":{"name":"functions"},"message":"[runtime-status] [2634] Resolved module firebase-functions {\"declared\":true,\"installed\":true,\"version\":\"3.11.0\",\"resolution\":\"/Users/mac/Documents/react projects/lavish-react-ap/react-website/functions/node_modules/firebase-functions/lib/index.js\"}"}}
[debug] [2020-11-09T16:03:56.156Z] [runtime-status] [2634] Outgoing network have been stubbed. [{"name":"http","status":"mocked"},{"name":"http","status":"mocked"},{"name":"https","status":"mocked"},{"name":"https","status":"mocked"},{"name":"net","status":"mocked"}] {"metadata":{"emulator":{"name":"functions"},"message":"[runtime-status] [2634] Outgoing network have been stubbed. [{\"name\":\"http\",\"status\":\"mocked\"},{\"name\":\"http\",\"status\":\"mocked\"},{\"name\":\"https\",\"status\":\"mocked\"},{\"name\":\"https\",\"status\":\"mocked\"},{\"name\":\"net\",\"status\":\"mocked\"}]"}}
[debug] [2020-11-09T16:03:56.157Z] [runtime-status] [2634] Resolved module firebase-functions {"declared":true,"installed":true,"version":"3.11.0","resolution":"/Users/mac/Documents/react projects/lavish-react-ap/react-website/functions/node_modules/firebase-functions/lib/index.js"} {"metadata":{"emulator":{"name":"functions"},"message":"[runtime-status] [2634] Resolved module firebase-functions {\"declared\":true,\"installed\":true,\"version\":\"3.11.0\",\"resolution\":\"/Users/mac/Documents/react projects/lavish-react-ap/react-website/functions/node_modules/firebase-functions/lib/index.js\"}"}}
[debug] [2020-11-09T16:03:56.192Z] [runtime-status] [2634] Checked functions.config() {"config":{}} {"metadata":{"emulator":{"name":"functions"},"message":"[runtime-status] [2634] Checked functions.config() {\"config\":{}}"}}
[debug] [2020-11-09T16:03:56.193Z] [runtime-status] [2634] firebase-functions has been stubbed. {"functionsResolution":{"declared":true,"installed":true,"version":"3.11.0","resolution":"/Users/mac/Documents/react projects/lavish-react-ap/react-website/functions/node_modules/firebase-functions/lib/index.js"}} {"metadata":{"emulator":{"name":"functions"},"message":"[runtime-status] [2634] firebase-functions has been stubbed. {\"functionsResolution\":{\"declared\":true,\"installed\":true,\"version\":\"3.11.0\",\"resolution\":\"/Users/mac/Documents/react projects/lavish-react-ap/react-website/functions/node_modules/firebase-functions/lib/index.js\"}}"}}
[debug] [2020-11-09T16:03:56.193Z] [runtime-status] [2634] Resolved module firebase-functions {"declared":true,"installed":true,"version":"3.11.0","resolution":"/Users/mac/Documents/react projects/lavish-react-ap/react-website/functions/node_modules/firebase-functions/lib/index.js"} {"metadata":{"emulator":{"name":"functions"},"message":"[runtime-status] [2634] Resolved module firebase-functions {\"declared\":true,\"installed\":true,\"version\":\"3.11.0\",\"resolution\":\"/Users/mac/Documents/react projects/lavish-react-ap/react-website/functions/node_modules/firebase-functions/lib/index.js\"}"}}
[debug] [2020-11-09T16:03:56.194Z] [runtime-status] [2634] Resolved module firebase-admin {"declared":true,"installed":true,"version":"9.3.0","resolution":"/Users/mac/Documents/react projects/lavish-react-ap/react-website/functions/node_modules/firebase-admin/lib/index.js"} {"metadata":{"emulator":{"name":"functions"},"message":"[runtime-status] [2634] Resolved module firebase-admin {\"declared\":true,\"installed\":true,\"version\":\"9.3.0\",\"resolution\":\"/Users/mac/Documents/react projects/lavish-react-ap/react-website/functions/node_modules/firebase-admin/lib/index.js\"}"}}
[debug] [2020-11-09T16:03:56.195Z] [runtime-status] [2634] Resolved module firebase-functions {"declared":true,"installed":true,"version":"3.11.0","resolution":"/Users/mac/Documents/react projects/lavish-react-ap/react-website/functions/node_modules/firebase-functions/lib/index.js"} {"metadata":{"emulator":{"name":"functions"},"message":"[runtime-status] [2634] Resolved module firebase-functions {\"declared\":true,\"installed\":true,\"version\":\"3.11.0\",\"resolution\":\"/Users/mac/Documents/react projects/lavish-react-ap/react-website/functions/node_modules/firebase-functions/lib/index.js\"}"}}
[debug] [2020-11-09T16:03:56.195Z] [runtime-status] [2634] firebase-admin has been stubbed. {"adminResolution":{"declared":true,"installed":true,"version":"9.3.0","resolution":"/Users/mac/Documents/react projects/lavish-react-ap/react-website/functions/node_modules/firebase-admin/lib/index.js"}} {"metadata":{"emulator":{"name":"functions"},"message":"[runtime-status] [2634] firebase-admin has been stubbed. {\"adminResolution\":{\"declared\":true,\"installed\":true,\"version\":\"9.3.0\",\"resolution\":\"/Users/mac/Documents/react projects/lavish-react-ap/react-website/functions/node_modules/firebase-admin/lib/index.js\"}}"}}
[info] ✔  functions[api]: http function initialized (http://localhost:5001/flowerpotapp-33349/us-central1/api). {"metadata":{"emulator":{"name":"functions"},"message":"\u001b[1mhttp\u001b[22m function initialized (http://localhost:5001/flowerpotapp-33349/us-central1/api)."}}
[info] 
┌───────────────────────────────────────────────────────────────────────┐
│ ✔  All emulators ready! View status and logs at http://localhost:4000 │
└───────────────────────────────────────────────────────────────────────┘

┌───────────┬────────────────┬─────────────────────────────────┐
│ Emulator  │ Host:Port      │ View in Emulator UI             │
├───────────┼────────────────┼─────────────────────────────────┤
│ Functions │ localhost:5001 │ http://localhost:4000/functions │
├───────────┼────────────────┼─────────────────────────────────┤
│ Firestore │ localhost:8080 │ http://localhost:4000/firestore │
├───────────┼────────────────┼─────────────────────────────────┤
│ Hosting   │ localhost:5000 │ n/a                             │
└───────────┴────────────────┴─────────────────────────────────┘
  Other reserved ports: 4400, 4500

Issues? Report them at https://github.com/firebase/firebase-tools/issues and attach the *-debug.log files.
 
[debug] [2020-11-09T16:03:56.310Z] [worker-~diagnostic~-046b2204-25d6-4255-a079-aaa31ce2efbf]: IDLE {"metadata":{"emulator":{"name":"functions"},"message":"[worker-~diagnostic~-046b2204-25d6-4255-a079-aaa31ce2efbf]: IDLE"}}
[debug] [2020-11-09T16:07:27.842Z] [work-queue] {"queueLength":1,"workRunningCount":0}
[debug] [2020-11-09T16:07:27.842Z] [work-queue] {"queueLength":0,"workRunningCount":1}
[debug] [2020-11-09T16:07:27.843Z] Accepted request POST /flowerpotapp-33349/us-central1/api/payments/create?total=1200 --> api
[debug] [2020-11-09T16:07:27.847Z] [worker-pool] addWorker(api) {"metadata":{"emulator":{"name":"functions"},"message":"[worker-pool] addWorker(api)"}}
[debug] [2020-11-09T16:07:27.848Z] [worker-pool] Adding worker with key api, total=1 {"metadata":{"emulator":{"name":"functions"},"message":"[worker-pool] Adding worker with key api, total=1"}}
[debug] [2020-11-09T16:07:27.848Z] [worker-pool] submitWork(triggerId=api) {"metadata":{"emulator":{"name":"functions"},"message":"[worker-pool] submitWork(triggerId=api)"}}
[debug] [2020-11-09T16:07:27.848Z] [worker-api-f10fbe24-c309-4b3c-b229-6567f96a4db7]: Assigning socketPath: /var/folders/t9/pnp5sh_j3cnftq49tyxrt0hm0000gn/T/fire_emu_2685.sock {"metadata":{"emulator":{"name":"functions"},"message":"[worker-api-f10fbe24-c309-4b3c-b229-6567f96a4db7]: Assigning socketPath: /var/folders/t9/pnp5sh_j3cnftq49tyxrt0hm0000gn/T/fire_emu_2685.sock"}}
[debug] [2020-11-09T16:07:27.848Z] [worker-api-f10fbe24-c309-4b3c-b229-6567f96a4db7]: BUSY {"metadata":{"emulator":{"name":"functions"},"message":"[worker-api-f10fbe24-c309-4b3c-b229-6567f96a4db7]: BUSY"}}
[debug] [2020-11-09T16:07:28.196Z] [runtime-status] [2685] Functions runtime initialized. {"cwd":"/Users/mac/Documents/react projects/lavish-react-ap/react-website/functions","node_version":"12.18.3"} {"metadata":{"emulator":{"name":"functions"},"function":{"name":"api"},"message":"[runtime-status] [2685] Functions runtime initialized. {\"cwd\":\"/Users/mac/Documents/react projects/lavish-react-ap/react-website/functions\",\"node_version\":\"12.18.3\"}"}}
[debug] [2020-11-09T16:07:28.200Z] [runtime-status] [2685] Disabled runtime features: undefined {"metadata":{"emulator":{"name":"functions"},"function":{"name":"api"},"message":"[runtime-status] [2685] Disabled runtime features: undefined"}}
[debug] [2020-11-09T16:07:28.203Z] [runtime-status] [2685] Resolved module firebase-admin {"declared":true,"installed":true,"version":"9.3.0","resolution":"/Users/mac/Documents/react projects/lavish-react-ap/react-website/functions/node_modules/firebase-admin/lib/index.js"} {"metadata":{"emulator":{"name":"functions"},"function":{"name":"api"},"message":"[runtime-status] [2685] Resolved module firebase-admin {\"declared\":true,\"installed\":true,\"version\":\"9.3.0\",\"resolution\":\"/Users/mac/Documents/react projects/lavish-react-ap/react-website/functions/node_modules/firebase-admin/lib/index.js\"}"}}
[debug] [2020-11-09T16:07:28.204Z] [runtime-status] [2685] Resolved module firebase-functions {"declared":true,"installed":true,"version":"3.11.0","resolution":"/Users/mac/Documents/react projects/lavish-react-ap/react-website/functions/node_modules/firebase-functions/lib/index.js"} {"metadata":{"emulator":{"name":"functions"},"function":{"name":"api"},"message":"[runtime-status] [2685] Resolved module firebase-functions {\"declared\":true,\"installed\":true,\"version\":\"3.11.0\",\"resolution\":\"/Users/mac/Documents/react projects/lavish-react-ap/react-website/functions/node_modules/firebase-functions/lib/index.js\"}"}}
[debug] [2020-11-09T16:07:28.205Z] [runtime-status] [2685] Resolved module firebase-functions {"declared":true,"installed":true,"version":"3.11.0","resolution":"/Users/mac/Documents/react projects/lavish-react-ap/react-website/functions/node_modules/firebase-functions/lib/index.js"} {"metadata":{"emulator":{"name":"functions"},"function":{"name":"api"},"message":"[runtime-status] [2685] Resolved module firebase-functions {\"declared\":true,\"installed\":true,\"version\":\"3.11.0\",\"resolution\":\"/Users/mac/Documents/react projects/lavish-react-ap/react-website/functions/node_modules/firebase-functions/lib/index.js\"}"}}
[debug] [2020-11-09T16:07:28.210Z] [runtime-status] [2685] Outgoing network have been stubbed. [{"name":"http","status":"mocked"},{"name":"http","status":"mocked"},{"name":"https","status":"mocked"},{"name":"https","status":"mocked"},{"name":"net","status":"mocked"}] {"metadata":{"emulator":{"name":"functions"},"function":{"name":"api"},"message":"[runtime-status] [2685] Outgoing network have been stubbed. [{\"name\":\"http\",\"status\":\"mocked\"},{\"name\":\"http\",\"status\":\"mocked\"},{\"name\":\"https\",\"status\":\"mocked\"},{\"name\":\"https\",\"status\":\"mocked\"},{\"name\":\"net\",\"status\":\"mocked\"}]"}}
[debug] [2020-11-09T16:07:28.210Z] [runtime-status] [2685] Resolved module firebase-functions {"declared":true,"installed":true,"version":"3.11.0","resolution":"/Users/mac/Documents/react projects/lavish-react-ap/react-website/functions/node_modules/firebase-functions/lib/index.js"} {"metadata":{"emulator":{"name":"functions"},"function":{"name":"api"},"message":"[runtime-status] [2685] Resolved module firebase-functions {\"declared\":true,\"installed\":true,\"version\":\"3.11.0\",\"resolution\":\"/Users/mac/Documents/react projects/lavish-react-ap/react-website/functions/node_modules/firebase-functions/lib/index.js\"}"}}
[debug] [2020-11-09T16:07:28.251Z] [runtime-status] [2685] Checked functions.config() {"config":{}} {"metadata":{"emulator":{"name":"functions"},"function":{"name":"api"},"message":"[runtime-status] [2685] Checked functions.config() {\"config\":{}}"}}
[debug] [2020-11-09T16:07:28.251Z] [runtime-status] [2685] firebase-functions has been stubbed. {"functionsResolution":{"declared":true,"installed":true,"version":"3.11.0","resolution":"/Users/mac/Documents/react projects/lavish-react-ap/react-website/functions/node_modules/firebase-functions/lib/index.js"}} {"metadata":{"emulator":{"name":"functions"},"function":{"name":"api"},"message":"[runtime-status] [2685] firebase-functions has been stubbed. {\"functionsResolution\":{\"declared\":true,\"installed\":true,\"version\":\"3.11.0\",\"resolution\":\"/Users/mac/Documents/react projects/lavish-react-ap/react-website/functions/node_modules/firebase-functions/lib/index.js\"}}"}}
[debug] [2020-11-09T16:07:28.252Z] [runtime-status] [2685] Resolved module firebase-functions {"declared":true,"installed":true,"version":"3.11.0","resolution":"/Users/mac/Documents/react projects/lavish-react-ap/react-website/functions/node_modules/firebase-functions/lib/index.js"} {"metadata":{"emulator":{"name":"functions"},"function":{"name":"api"},"message":"[runtime-status] [2685] Resolved module firebase-functions {\"declared\":true,\"installed\":true,\"version\":\"3.11.0\",\"resolution\":\"/Users/mac/Documents/react projects/lavish-react-ap/react-website/functions/node_modules/firebase-functions/lib/index.js\"}"}}
[debug] [2020-11-09T16:07:28.253Z] [runtime-status] [2685] Resolved module firebase-admin {"declared":true,"installed":true,"version":"9.3.0","resolution":"/Users/mac/Documents/react projects/lavish-react-ap/react-website/functions/node_modules/firebase-admin/lib/index.js"} {"metadata":{"emulator":{"name":"functions"},"function":{"name":"api"},"message":"[runtime-status] [2685] Resolved module firebase-admin {\"declared\":true,\"installed\":true,\"version\":\"9.3.0\",\"resolution\":\"/Users/mac/Documents/react projects/lavish-react-ap/react-website/functions/node_modules/firebase-admin/lib/index.js\"}"}}
[debug] [2020-11-09T16:07:28.253Z] [runtime-status] [2685] Resolved module firebase-functions {"declared":true,"installed":true,"version":"3.11.0","resolution":"/Users/mac/Documents/react projects/lavish-react-ap/react-website/functions/node_modules/firebase-functions/lib/index.js"} {"metadata":{"emulator":{"name":"functions"},"function":{"name":"api"},"message":"[runtime-status] [2685] Resolved module firebase-functions {\"declared\":true,\"installed\":true,\"version\":\"3.11.0\",\"resolution\":\"/Users/mac/Documents/react projects/lavish-react-ap/react-website/functions/node_modules/firebase-functions/lib/index.js\"}"}}
[debug] [2020-11-09T16:07:28.254Z] [runtime-status] [2685] firebase-admin has been stubbed. {"adminResolution":{"declared":true,"installed":true,"version":"9.3.0","resolution":"/Users/mac/Documents/react projects/lavish-react-ap/react-website/functions/node_modules/firebase-admin/lib/index.js"}} {"metadata":{"emulator":{"name":"functions"},"function":{"name":"api"},"message":"[runtime-status] [2685] firebase-admin has been stubbed. {\"adminResolution\":{\"declared\":true,\"installed\":true,\"version\":\"9.3.0\",\"resolution\":\"/Users/mac/Documents/react projects/lavish-react-ap/react-website/functions/node_modules/firebase-admin/lib/index.js\"}}"}}
[debug] [2020-11-09T16:07:28.377Z] [runtime-status] [2685] Trigger "api" has been found, beginning invocation! {"metadata":{"emulator":{"name":"functions"},"function":{"name":"api"},"message":"[runtime-status] [2685] Trigger \"api\" has been found, beginning invocation!"}}
[info] i  functions: Beginning execution of "api" {"metadata":{"emulator":{"name":"functions"},"function":{"name":"api"},"message":"Beginning execution of \"api\""}}
[debug] [2020-11-09T16:07:28.378Z] [runtime-status] [2685] triggerDefinition {"httpsTrigger":{},"name":"api","entryPoint":"api"} {"metadata":{"emulator":{"name":"functions"},"function":{"name":"api"},"message":"[runtime-status] [2685] triggerDefinition {\"httpsTrigger\":{},\"name\":\"api\",\"entryPoint\":\"api\"}"}}
[debug] [2020-11-09T16:07:28.378Z] [runtime-status] [2685] Running api in mode HTTPS {"metadata":{"emulator":{"name":"functions"},"function":{"name":"api"},"message":"[runtime-status] [2685] Running api in mode HTTPS"}}
[debug] [2020-11-09T16:07:28.382Z] [runtime-status] [2685] Attempting to listen to socketPath: /var/folders/t9/pnp5sh_j3cnftq49tyxrt0hm0000gn/T/fire_emu_2685.sock {"metadata":{"emulator":{"name":"functions"},"function":{"name":"api"},"message":"[runtime-status] [2685] Attempting to listen to socketPath: /var/folders/t9/pnp5sh_j3cnftq49tyxrt0hm0000gn/T/fire_emu_2685.sock"}}
[debug] [2020-11-09T16:07:28.387Z] [functions] Runtime ready! Sending request! {"metadata":{"emulator":{"name":"functions"},"message":"[functions] Runtime ready! Sending request!"}}
[debug] [2020-11-09T16:07:28.396Z] [runtime-status] [2685] Ephemeral server handling POST request {"metadata":{"emulator":{"name":"functions"},"function":{"name":"api"},"message":"[runtime-status] [2685] Ephemeral server handling POST request"}}
[info] >  Payment Request Recieved BOOM!!! for this amount >>>  1200 {"user":"Payment Request Recieved BOOM!!! for this amount >>>  1200","metadata":{"emulator":{"name":"functions"},"function":{"name":"api"},"message":"\u001b[90m> \u001b[39m Payment Request Recieved BOOM!!! for this amount >>>  1200"}}
[debug] [2020-11-09T16:07:28.408Z] [runtime-status] [2685] Ephemeral server survived. {"metadata":{"emulator":{"name":"functions"},"function":{"name":"api"},"message":"[runtime-status] [2685] Ephemeral server survived."}}
[info] i  functions: Finished "api" in ~1s {"metadata":{"emulator":{"name":"functions"},"function":{"name":"api"},"message":"Finished \"api\" in ~1s"}}
[debug] [2020-11-09T16:07:28.844Z] [worker-api-f10fbe24-c309-4b3c-b229-6567f96a4db7]: IDLE {"metadata":{"emulator":{"name":"functions"},"message":"[worker-api-f10fbe24-c309-4b3c-b229-6567f96a4db7]: IDLE"}}
[debug] [2020-11-09T16:07:28.844Z] [work-queue] {"queueLength":0,"workRunningCount":0}
[debug] [2020-11-09T16:08:30.057Z] [work-queue] {"queueLength":1,"workRunningCount":0}
[debug] [2020-11-09T16:08:30.057Z] [work-queue] {"queueLength":0,"workRunningCount":1}
[debug] [2020-11-09T16:08:30.057Z] Accepted request POST /flowerpotapp-33349/us-central1/api/payments/create?total=1200 --> api
[debug] [2020-11-09T16:08:30.057Z] [worker-pool] submitWork(triggerId=api) {"metadata":{"emulator":{"name":"functions"},"message":"[worker-pool] submitWork(triggerId=api)"}}
[debug] [2020-11-09T16:08:30.058Z] [worker-api-f10fbe24-c309-4b3c-b229-6567f96a4db7]: Assigning socketPath: /var/folders/t9/pnp5sh_j3cnftq49tyxrt0hm0000gn/T/fire_emu_2685.sock {"metadata":{"emulator":{"name":"functions"},"message":"[worker-api-f10fbe24-c309-4b3c-b229-6567f96a4db7]: Assigning socketPath: /var/folders/t9/pnp5sh_j3cnftq49tyxrt0hm0000gn/T/fire_emu_2685.sock"}}
[debug] [2020-11-09T16:08:30.058Z] [worker-api-f10fbe24-c309-4b3c-b229-6567f96a4db7]: BUSY {"metadata":{"emulator":{"name":"functions"},"message":"[worker-api-f10fbe24-c309-4b3c-b229-6567f96a4db7]: BUSY"}}
[debug] [2020-11-09T16:08:30.060Z] [runtime-status] [2685] Trigger "api" has been found, beginning invocation! {"metadata":{"emulator":{"name":"functions"},"function":{"name":"api"},"message":"[runtime-status] [2685] Trigger \"api\" has been found, beginning invocation!"}}
[info] i  functions: Beginning execution of "api" {"metadata":{"emulator":{"name":"functions"},"function":{"name":"api"},"message":"Beginning execution of \"api\""}}
[debug] [2020-11-09T16:08:30.060Z] [runtime-status] [2685] triggerDefinition {"httpsTrigger":{},"name":"api","entryPoint":"api"} {"metadata":{"emulator":{"name":"functions"},"function":{"name":"api"},"message":"[runtime-status] [2685] triggerDefinition {\"httpsTrigger\":{},\"name\":\"api\",\"entryPoint\":\"api\"}"}}
[debug] [2020-11-09T16:08:30.060Z] [runtime-status] [2685] Running api in mode HTTPS {"metadata":{"emulator":{"name":"functions"},"function":{"name":"api"},"message":"[runtime-status] [2685] Running api in mode HTTPS"}}
[debug] [2020-11-09T16:08:30.061Z] [runtime-status] [2685] Attempting to listen to socketPath: /var/folders/t9/pnp5sh_j3cnftq49tyxrt0hm0000gn/T/fire_emu_2685.sock {"metadata":{"emulator":{"name":"functions"},"function":{"name":"api"},"message":"[runtime-status] [2685] Attempting to listen to socketPath: /var/folders/t9/pnp5sh_j3cnftq49tyxrt0hm0000gn/T/fire_emu_2685.sock"}}
[debug] [2020-11-09T16:08:30.062Z] [functions] Runtime ready! Sending request! {"metadata":{"emulator":{"name":"functions"},"message":"[functions] Runtime ready! Sending request!"}}
[debug] [2020-11-09T16:08:30.069Z] [runtime-status] [2685] Ephemeral server handling POST request {"metadata":{"emulator":{"name":"functions"},"function":{"name":"api"},"message":"[runtime-status] [2685] Ephemeral server handling POST request"}}
[info] >  Payment Request Recieved BOOM!!! for this amount >>>  1200 {"user":"Payment Request Recieved BOOM!!! for this amount >>>  1200","metadata":{"emulator":{"name":"functions"},"function":{"name":"api"},"message":"\u001b[90m> \u001b[39m Payment Request Recieved BOOM!!! for this amount >>>  1200"}}
[debug] [2020-11-09T16:08:30.070Z] [runtime-status] [2685] Ephemeral server survived. {"metadata":{"emulator":{"name":"functions"},"function":{"name":"api"},"message":"[runtime-status] [2685] Ephemeral server survived."}}
[info] i  functions: Finished "api" in ~1s {"metadata":{"emulator":{"name":"functions"},"function":{"name":"api"},"message":"Finished \"api\" in ~1s"}}
[debug] [2020-11-09T16:08:30.384Z] [worker-api-f10fbe24-c309-4b3c-b229-6567f96a4db7]: IDLE {"metadata":{"emulator":{"name":"functions"},"message":"[worker-api-f10fbe24-c309-4b3c-b229-6567f96a4db7]: IDLE"}}
[debug] [2020-11-09T16:08:30.385Z] [work-queue] {"queueLength":0,"workRunningCount":0}
